<?xml version="1.0" encoding="UTF-8"?>
<testng-results ignored="0" total="1" passed="1" failed="0" skipped="0">
  <reporter-output>
  </reporter-output>
  <suite started-at="2023-07-19T13:37:17 IST" name="Default suite" finished-at="2023-07-19T13:37:21 IST" duration-ms="3967">
    <groups>
    </groups>
    <test started-at="2023-07-19T13:37:17 IST" name="Default test" finished-at="2023-07-19T13:37:21 IST" duration-ms="3967">
      <class name="Git.MouserHover">
        <test-method signature="mouseHover()[pri:0, instance:Git.MouserHover@738dc9b]" started-at="2023-07-19T13:37:17 IST" name="mouseHover" finished-at="2023-07-19T13:37:21 IST" duration-ms="3934" status="PASS">
          <reporter-output>
          </reporter-output>
        </test-method> <!-- mouseHover -->
      </class> <!-- Git.MouserHover -->
    </test> <!-- Default test -->
  </suite> <!-- Default suite -->
</testng-results>
